<?xml version="1.0" encoding="UTF-8"?>
<!-- Generated by org.testng.reporters.JUnitXMLReporter -->
<testsuite ignored="2" hostname="LAPTOP-FKE7NNGM" failures="0" tests="15" name="Test" time="0.219" errors="0" timestamp="2024-10-18T16:18:09 IST">
  <testcase classname="TestNG.PriorityInvocationEnble" name="demo3" time="0.017"/>
  <testcase classname="TestNG.PriorityInvocationEnble" name="demo4" time="0.002"/>
  <testcase classname="TestNG.InvocationCountPractice" name="demo1" time="0.002"/>
  <testcase classname="TestNG.InvocationCountPractice" name="demo1" time="0.002"/>
  <testcase classname="TestNG.InvocationCountPractice" name="demo1" time="0.007"/>
  <testcase classname="TestNG.InvocationCountPractice" name="demo3" time="0.007"/>
  <testcase classname="TestNG.InvocationCountPractice" name="demo3" time="0.005"/>
  <testcase classname="TestNG.SystemandBrowseProperties" name="demo" time="0.01"/>
  <testcase classname="TestNG.PriorityFlagPrvctice" name="demo3" time="0.006"/>
  <testcase classname="TestNG.PriorityFlagPrvctice" name="demo2" time="0.001"/>
  <testcase classname="TestNG.PriorityFlagPrvctice" name="demo1" time="0.003"/>
  <testcase classname="TestNG.PriorityFlagPrvctice" name="demo4" time="0.004"/>
  <testcase classname="TestNG.EnabledPractice" name="demo1" time="0.004"/>
  <testcase classname="TestNG.EnabledPractice" name="demo3" time="0.006"/>
  <testcase classname="TestNG.SampleTest" name="demo" time="0.003"/>
  <testcase classname="TestNG.EnabledPractice" name="demo4" time="0.0">
    <ignored/>
  </testcase> <!-- demo4 -->
  <testcase classname="TestNG.PriorityInvocationEnble" name="demo2" time="0.0">
    <ignored/>
  </testcase> <!-- demo2 -->
</testsuite> <!-- Test -->
