<?xml version="1.0" encoding="UTF-8"?>
<testng-results ignored="0" total="1" passed="1" failed="0" skipped="0">
  <reporter-output>
  </reporter-output>
  <suite started-at="2024-10-18T16:39:34 IST" name="Default suite" finished-at="2024-10-18T16:39:34 IST" duration-ms="80">
    <groups>
    </groups>
    <test started-at="2024-10-18T16:39:34 IST" name="Default test" finished-at="2024-10-18T16:39:34 IST" duration-ms="80">
      <class name="TestNG.MavenParameterization">
        <test-method signature="paramerterizationTest()[pri:0, instance:TestNG.MavenParameterization@290222c1]" started-at="2024-10-18T16:39:34 IST" name="paramerterizationTest" finished-at="2024-10-18T16:39:34 IST" duration-ms="24" status="PASS">
          <reporter-output>
          </reporter-output>
        </test-method> <!-- paramerterizationTest -->
      </class> <!-- TestNG.MavenParameterization -->
    </test> <!-- Default test -->
  </suite> <!-- Default suite -->
</testng-results>
